<?xml version="1.0" encoding="UTF-8"?>
<!-- Generated by org.testng.reporters.JUnitXMLReporter -->
<testsuite ignored="12" hostname="LTIN230189" failures="0" tests="20" name="Test" time="2.508" errors="0" timestamp="2024-02-29T16:16:56 IST">
  <testcase classname="testClasses.baseClass" name="@BeforeTest setUp" time="0.015">
    <failure type="java.lang.Error" message="Unresolved compilation problem: 
	This method must return a result of type WebDriver
">
      <![CDATA[java.lang.Error: Unresolved compilation problem: 
This method must return a result of type WebDriver

at factory.BaseClass.initilizeBrowser(BaseClass.java:24)
at testClasses.baseClass.setUp(baseClass.java:56)
... Removed 24 stack frames]]>
    </failure>
  </testcase> <!-- @BeforeTest setUp -->
  <testcase classname="testClasses.baseClass" name="@AfterTest afterClass" time="-1.7092036168E9">
    <skipped/>
  </testcase> <!-- @AfterTest afterClass -->
  <testcase classname="testClasses.TC_01_findingHospitals" name="search" time="0.0">
    <skipped/>
  </testcase> <!-- search -->
  <testcase classname="testClasses.TC_01_findingHospitals" name="filter" time="0.0">
    <skipped/>
  </testcase> <!-- filter -->
  <testcase classname="testClasses.TC_01_findingHospitals" name="getDoctorsData" time="0.0">
    <skipped/>
  </testcase> <!-- getDoctorsData -->
  <testcase classname="testClasses.TC_02_findingHospitals" name="navigateToSurgeries" time="0.0">
    <skipped/>
  </testcase> <!-- navigateToSurgeries -->
  <testcase classname="testClasses.TC_02_findingHospitals" name="getSurgeriesList" time="0.0">
    <skipped/>
  </testcase> <!-- getSurgeriesList -->
  <testcase classname="testClasses.TC_03_findingHospitals" name="navigateToCorporate" time="0.0">
    <skipped/>
  </testcase> <!-- navigateToCorporate -->
  <testcase classname="testClasses.TC_03_findingHospitals" name="navigateToDemo" time="0.0">
    <skipped/>
  </testcase> <!-- navigateToDemo -->
  <testcase classname="testClasses.TC_04_findingHospitals" name="verifyingPhoneFieldUsingInvalidMobileNumberFormat" time="0.0">
    <skipped/>
  </testcase> <!-- verifyingPhoneFieldUsingInvalidMobileNumberFormat -->
  <testcase classname="testClasses.TC_04_findingHospitals" name="verifyingPhoneFieldUsingBVA" time="0.0">
    <skipped/>
  </testcase> <!-- verifyingPhoneFieldUsingBVA -->
  <testcase classname="testClasses.TC_04_findingHospitals" name="verifyingPhoneFieldUsingBVA_1" time="0.0">
    <skipped/>
  </testcase> <!-- verifyingPhoneFieldUsingBVA_1 -->
  <testcase classname="testClasses.TC_05_findingHospitals" name="verifyingMobileNumUsingValidInput" time="0.0">
    <skipped/>
  </testcase> <!-- verifyingMobileNumUsingValidInput -->
  <testcase classname="testClasses.TC_05_findingHospitals" name="verifyingMobileNumUsingValidInput_1" time="0.0">
    <skipped/>
  </testcase> <!-- verifyingMobileNumUsingValidInput_1 -->
  <testcase classname="testClasses.TC_05_findingHospitals" name="verifyingMobileNumUsingValidInput_2" time="0.0">
    <skipped/>
  </testcase> <!-- verifyingMobileNumUsingValidInput_2 -->
  <testcase classname="testClasses.TC_05_findingHospitals" name="verifyingMobileNumUsingValidInput_3" time="0.0">
    <skipped/>
  </testcase> <!-- verifyingMobileNumUsingValidInput_3 -->
  <testcase classname="testClasses.TC_06_findingHospitals" name="verifyingEmailUsingInvalidInput" time="0.0">
    <skipped/>
  </testcase> <!-- verifyingEmailUsingInvalidInput -->
  <testcase classname="testClasses.TC_06_findingHospitals" name="verifyingEmailUsingInvalidInput_1" time="0.0">
    <skipped/>
  </testcase> <!-- verifyingEmailUsingInvalidInput_1 -->
  <testcase classname="testClasses.TC_06_findingHospitals" name="verifyingEmailUsingInvalidInput_2" time="0.0">
    <skipped/>
  </testcase> <!-- verifyingEmailUsingInvalidInput_2 -->
  <testcase classname="testClasses.TC_06_findingHospitals" name="verifyingEmailUsingInvalidInput_3" time="0.0">
    <skipped/>
  </testcase> <!-- verifyingEmailUsingInvalidInput_3 -->
  <testcase classname="testClasses.TC_06_findingHospitals" name="verifyingEmailUsingValidInput" time="0.0">
    <skipped/>
  </testcase> <!-- verifyingEmailUsingValidInput -->
  <testcase classname="testClasses.TC_07_findingHospitals" name="verifyScheduleADemoButtonVisibility" time="0.0">
    <skipped/>
  </testcase> <!-- verifyScheduleADemoButtonVisibility -->
  <testcase classname="testClasses.baseClass" name="@BeforeTest setUp" time="0.0">
    <ignored/>
  </testcase> <!-- @BeforeTest setUp -->
  <testcase classname="testClasses.baseClass" name="@BeforeTest setUp" time="0.0">
    <ignored/>
  </testcase> <!-- @BeforeTest setUp -->
  <testcase classname="testClasses.baseClass" name="@BeforeTest setUp" time="0.0">
    <ignored/>
  </testcase> <!-- @BeforeTest setUp -->
  <testcase classname="testClasses.baseClass" name="@BeforeTest setUp" time="0.0">
    <ignored/>
  </testcase> <!-- @BeforeTest setUp -->
  <testcase classname="testClasses.baseClass" name="@BeforeTest setUp" time="0.0">
    <ignored/>
  </testcase> <!-- @BeforeTest setUp -->
  <testcase classname="testClasses.baseClass" name="@BeforeTest setUp" time="0.0">
    <ignored/>
  </testcase> <!-- @BeforeTest setUp -->
  <testcase classname="testClasses.baseClass" name="@AfterTest afterClass" time="0.0">
    <ignored/>
  </testcase> <!-- @AfterTest afterClass -->
  <testcase classname="testClasses.baseClass" name="@AfterTest afterClass" time="0.0">
    <ignored/>
  </testcase> <!-- @AfterTest afterClass -->
  <testcase classname="testClasses.baseClass" name="@AfterTest afterClass" time="0.0">
    <ignored/>
  </testcase> <!-- @AfterTest afterClass -->
  <testcase classname="testClasses.baseClass" name="@AfterTest afterClass" time="0.0">
    <ignored/>
  </testcase> <!-- @AfterTest afterClass -->
  <testcase classname="testClasses.baseClass" name="@AfterTest afterClass" time="0.0">
    <ignored/>
  </testcase> <!-- @AfterTest afterClass -->
  <testcase classname="testClasses.baseClass" name="@AfterTest afterClass" time="0.0">
    <ignored/>
  </testcase> <!-- @AfterTest afterClass -->
</testsuite> <!-- Test -->
